<?xml version="1.0" encoding="UTF-8"?>
<testsuite name="com.bridzelab.CabInvoiceGenerator.CabInvoiceGeneratorTest" tests="4" skipped="0" failures="0" errors="0" timestamp="2022-09-17T19:22:57" hostname="DESKTOP-75GFKKA" time="0.075">
  <properties/>
  <testcase name="givenLessDistanceAndTime_ShouldReturnMinFare()" classname="com.bridzelab.CabInvoiceGenerator.CabInvoiceGeneratorTest" time="0.056"/>
  <testcase name="givenUserId_ShouldReturnInvoiceSummary()" classname="com.bridzelab.CabInvoiceGenerator.CabInvoiceGeneratorTest" time="0.003"/>
  <testcase name="givenDistanceAndTime_ShouldReturnTotalFare()" classname="com.bridzelab.CabInvoiceGenerator.CabInvoiceGeneratorTest" time="0.003"/>
  <testcase name="givenMultipleRides_ShouldReturnInvoiceSummary()" classname="com.bridzelab.CabInvoiceGenerator.CabInvoiceGeneratorTest" time="0.003"/>
  <system-out><![CDATA[]]></system-out>
  <system-err><![CDATA[]]></system-err>
</testsuite>
